# JRE version: OpenJDK Runtime Environment Corretto-11.0.14.10.1 (11.0.14.1+10) (build 11.0.14.1+10-LTS)
# Java VM: OpenJDK 64-Bit Server VM Corretto-11.0.14.10.1 (11.0.14.1+10-LTS, mixed mode, tiered, compressed oops, g1 gc, linux-amd64)
Heap:
 garbage-first heap   total 308224K, used 108315K [0x0000000706c00000, 0x0000000800000000)
  region size 1024K, 97 young (99328K), 12 survivors (12288K)
 Metaspace       used 66053K, capacity 68169K, committed 68560K, reserved 1107968K
  class space    used 8472K, capacity 9289K, committed 9424K, reserved 1048576K
GC Heap History (14 events):
Event: 0,423 GC heap before
{Heap before GC invocations=0 (full 0):
 garbage-first heap   total 256000K, used 22528K [0x0000000706c00000, 0x0000000800000000)
  region size 1024K, 22 young (22528K), 0 survivors (0K)
 Metaspace       used 13530K, capacity 13885K, committed 14080K, reserved 1062912K
  class space    used 1357K, capacity 1477K, committed 1536K, reserved 1048576K
}
Event: 0,433 GC heap after
{Heap after GC invocations=1 (full 0):
 garbage-first heap   total 256000K, used 7152K [0x0000000706c00000, 0x0000000800000000)
  region size 1024K, 3 young (3072K), 3 survivors (3072K)
 Metaspace       used 13530K, capacity 13885K, committed 14080K, reserved 1062912K
  class space    used 1357K, capacity 1477K, committed 1536K, reserved 1048576K
}
Event: 0,719 GC heap before
{Heap before GC invocations=1 (full 0):
 garbage-first heap   total 256000K, used 51184K [0x0000000706c00000, 0x0000000800000000)
  region size 1024K, 48 young (49152K), 3 survivors (3072K)
 Metaspace       used 20476K, capacity 21139K, committed 21248K, reserved 1069056K
  class space    used 2290K, capacity 2548K, committed 2560K, reserved 1048576K
}
Event: 0,723 GC heap after
{Heap after GC invocations=2 (full 0):
 garbage-first heap   total 256000K, used 8992K [0x0000000706c00000, 0x0000000800000000)
  region size 1024K, 5 young (5120K), 5 survivors (5120K)
 Metaspace       used 20476K, capacity 21139K, committed 21248K, reserved 1069056K
  class space    used 2290K, capacity 2548K, committed 2560K, reserved 1048576K
}
Event: 0,958 GC heap before
{Heap before GC invocations=3 (full 0):
 garbage-first heap   total 256000K, used 58144K [0x0000000706c00000, 0x0000000800000000)
  region size 1024K, 54 young (55296K), 5 survivors (5120K)
 Metaspace       used 24850K, capacity 25679K, committed 25980K, reserved 1073152K
  class space    used 2857K, capacity 3145K, committed 3196K, reserved 1048576K
}
Event: 0,963 GC heap after
{Heap after GC invocations=4 (full 0):
 garbage-first heap   total 256000K, used 11049K [0x0000000706c00000, 0x0000000800000000)
  region size 1024K, 4 young (4096K), 4 survivors (4096K)
 Metaspace       used 24850K, capacity 25679K, committed 25980K, reserved 1073152K
  class space    used 2857K, capacity 3145K, committed 3196K, reserved 1048576K
}
Event: 1,352 GC heap before
{Heap before GC invocations=4 (full 0):
 garbage-first heap   total 256000K, used 80681K [0x0000000706c00000, 0x0000000800000000)
  region size 1024K, 72 young (73728K), 4 survivors (4096K)
 Metaspace       used 31514K, capacity 32682K, committed 33020K, reserved 1077248K
  class space    used 3812K, capacity 4262K, committed 4348K, reserved 1048576K
}
Event: 1,358 GC heap after
{Heap after GC invocations=5 (full 0):
 garbage-first heap   total 256000K, used 13794K [0x0000000706c00000, 0x0000000800000000)
  region size 1024K, 7 young (7168K), 7 survivors (7168K)
 Metaspace       used 31514K, capacity 32682K, committed 33020K, reserved 1077248K
  class space    used 3812K, capacity 4262K, committed 4348K, reserved 1048576K
}
Event: 1,520 GC heap before
{Heap before GC invocations=5 (full 0):
 garbage-first heap   total 256000K, used 44514K [0x0000000706c00000, 0x0000000800000000)
  region size 1024K, 38 young (38912K), 7 survivors (7168K)
 Metaspace       used 34526K, capacity 35821K, committed 36048K, reserved 1081344K
  class space    used 4184K, capacity 4737K, committed 4816K, reserved 1048576K
}
Event: 1,528 GC heap after
{Heap after GC invocations=6 (full 0):
 garbage-first heap   total 308224K, used 15779K [0x0000000706c00000, 0x0000000800000000)
  region size 1024K, 7 young (7168K), 7 survivors (7168K)
 Metaspace       used 34526K, capacity 35821K, committed 36048K, reserved 1081344K
  class space    used 4184K, capacity 4737K, committed 4816K, reserved 1048576K
}
Event: 2,211 GC heap before
{Heap before GC invocations=7 (full 0):
 garbage-first heap   total 308224K, used 119203K [0x0000000706c00000, 0x0000000800000000)
  region size 1024K, 108 young (110592K), 7 survivors (7168K)
 Metaspace       used 52703K, capacity 54205K, committed 54736K, reserved 1097728K
  class space    used 6702K, capacity 7294K, committed 7376K, reserved 1048576K
}
Event: 2,229 GC heap after
{Heap after GC invocations=8 (full 0):
 garbage-first heap   total 308224K, used 19875K [0x0000000706c00000, 0x0000000800000000)
  region size 1024K, 11 young (11264K), 11 survivors (11264K)
 Metaspace       used 52703K, capacity 54205K, committed 54736K, reserved 1097728K
  class space    used 6702K, capacity 7294K, committed 7376K, reserved 1048576K
}
Event: 2,538 GC heap before
{Heap before GC invocations=8 (full 0):
 garbage-first heap   total 308224K, used 71075K [0x0000000706c00000, 0x0000000800000000)
  region size 1024K, 62 young (63488K), 11 survivors (11264K)
 Metaspace       used 58502K, capacity 60305K, committed 60496K, reserved 1101824K
  class space    used 7442K, capacity 8147K, committed 8272K, reserved 1048576K
}
Event: 2,546 GC heap after
{Heap after GC invocations=9 (full 0):
 garbage-first heap   total 308224K, used 22299K [0x0000000706c00000, 0x0000000800000000)
  region size 1024K, 12 young (12288K), 12 survivors (12288K)
 Metaspace       used 58502K, capacity 60305K, committed 60496K, reserved 1101824K
  class space    used 7442K, capacity 8147K, committed 8272K, reserved 1048576K
}

